<?xml version="1.0" encoding="UTF-8"?>
<!-- Generated by org.testng.reporters.JUnitReportReporter -->
<testsuite hostname="administrators-MacBook-Pro.local" name="Search.HappyPath" tests="2" failures="0" timestamp="7 May 2017 22:36:21 GMT" time="11.344" errors="0">
  <testcase name="testSearchdDontExist" time="3.604" classname="Search.HappyPath"/>
  <testcase name="testSearchExist" time="7.740" classname="Search.HappyPath"/>
</testsuite> <!-- Search.HappyPath -->
