<?xml version="1.0" encoding="UTF-8"?>
<!-- Generated by org.testng.reporters.JUnitReportReporter -->
<testsuite hostname="administrators-MacBook-Pro.local" name="FacebookLogin.HappyPath" tests="1" failures="0" timestamp="7 May 2017 22:36:26 GMT" time="19.536" errors="0">
  <testcase name="testLogin" time="19.536" classname="FacebookLogin.HappyPath"/>
</testsuite> <!-- FacebookLogin.HappyPath -->
