<?xml version="1.0" encoding="UTF-8"?>
<!-- Generated by org.testng.reporters.JUnitReportReporter -->
<testsuite hostname="administrators-MacBook-Pro.local" name="APITesting.HappyPath" tests="2" failures="0" timestamp="30 Apr 2017 00:47:30 GMT" time="0.056" errors="0">
  <testcase name="mageTesting" time="0.054" classname="APITesting.HappyPath"/>
  <testcase name="oAuthTesting" time="0.002" classname="APITesting.HappyPath"/>
</testsuite> <!-- APITesting.HappyPath -->
