<?xml version="1.0" encoding="UTF-8"?>
<!-- Generated by org.testng.reporters.JUnitReportReporter -->
<testsuite hostname="administrators-MacBook-Pro.local" name="APITesting.HappyPath" tests="2" failures="0" timestamp="7 May 2017 20:47:12 GMT" time="0.021" errors="0">
  <testcase name="mageTesting" time="0.019" classname="APITesting.HappyPath"/>
  <testcase name="oAuthTesting" time="0.002" classname="APITesting.HappyPath"/>
</testsuite> <!-- APITesting.HappyPath -->
