<?xml version="1.0" encoding="UTF-8"?>
<!-- Generated by org.testng.reporters.JUnitReportReporter -->
<testsuite hostname="administrators-MacBook-Pro.local" name="Search.HappyPath" tests="2" failures="0" timestamp="7 May 2017 21:56:45 GMT" time="12.575" errors="0">
  <testcase name="testSearchExist" time="8.423" classname="Search.HappyPath"/>
  <testcase name="testSearchdDontExist" time="4.152" classname="Search.HappyPath"/>
</testsuite> <!-- Search.HappyPath -->
