<?xml version="1.0" encoding="UTF-8"?>
<!-- Generated by org.testng.reporters.JUnitReportReporter -->
<testsuite hostname="administrators-MacBook-Pro.local" name="FacebookLogin.HappyPath" tests="1" failures="0" timestamp="7 May 2017 21:59:51 GMT" time="20.792" errors="0">
  <testcase name="testLogin" time="20.792" classname="FacebookLogin.HappyPath"/>
</testsuite> <!-- FacebookLogin.HappyPath -->
