<?xml version="1.0" encoding="UTF-8"?>
<!-- Generated by org.testng.reporters.JUnitReportReporter -->
<testsuite hostname="administrators-MacBook-Pro.local" name="FacebookLogin.HappyPath" tests="1" failures="0" timestamp="29 Apr 2017 21:29:24 GMT" time="30.269" errors="0">
  <testcase name="testLogin" time="30.269" classname="FacebookLogin.HappyPath"/>
</testsuite> <!-- FacebookLogin.HappyPath -->
