<?xml version="1.0" encoding="UTF-8"?>
<!-- Generated by org.testng.reporters.JUnitReportReporter -->
<testsuite hostname="administrators-MacBook-Pro.local" name="FacebookLogin.HappyPath" tests="1" failures="0" timestamp="29 Apr 2017 21:58:06 GMT" time="33.081" errors="0">
  <testcase name="testLogin" time="33.081" classname="FacebookLogin.HappyPath"/>
</testsuite> <!-- FacebookLogin.HappyPath -->
